<?xml version="1.0" encoding="UTF-8"?>
<!-- Generated by org.testng.reporters.JUnitReportReporter -->
<testsuite hostname="DESKTOP-DJ4FDME" failures="0" tests="3" name="org.wipro.auto.saucedemo.testcases.LoginScenario_DDF" time="13.794" errors="0" timestamp="2025-06-14T08:24:57 IST" skipped="0">
  <testcase classname="org.wipro.auto.saucedemo.testcases.LoginScenario_DDF" name="tc01_validate_loginfunc_valid_credntials" time="4.367"/>
  <testcase classname="org.wipro.auto.saucedemo.testcases.LoginScenario_DDF" name="tc01_validate_loginfunc_valid_credntials" time="4.929"/>
  <testcase classname="org.wipro.auto.saucedemo.testcases.LoginScenario_DDF" name="tc01_validate_loginfunc_valid_credntials" time="4.498"/>
</testsuite> <!-- org.wipro.auto.saucedemo.testcases.LoginScenario_DDF -->
