<?xml version="1.0" encoding="UTF-8"?>
<!-- Generated by org.testng.reporters.JUnitReportReporter -->
<testsuite hostname="DESKTOP-DJ4FDME" failures="0" tests="1" name="org.wipro.auto.saucedemo.basepkg.InitaiteBrowser" time="2.985" errors="0" timestamp="2025-06-13T08:20:35 IST" skipped="0">
  <testcase classname="org.wipro.auto.saucedemo.basepkg.InitaiteBrowser" name="launchBrowser" time="2.985"/>
</testsuite> <!-- org.wipro.auto.saucedemo.basepkg.InitaiteBrowser -->
