<?xml version="1.0" encoding="UTF-8"?>
<!-- Generated by org.testng.reporters.JUnitReportReporter -->
<testsuite hostname="DESKTOP-DJ4FDME" failures="0" tests="6" name="testngDemo.FirstScenario10" time="0.009" errors="0" timestamp="2025-06-12T08:30:14 IST" skipped="0">
  <testcase classname="testngDemo.FirstScenario10" name="forth_testcase" time="0.001"/>
  <testcase classname="testngDemo.FirstScenario10" name="second_testcase" time="0.002"/>
  <testcase classname="testngDemo.FirstScenario10" name="third_testcase" time="0.002"/>
  <testcase classname="testngDemo.FirstScenario10" name="first_testcase" time="0.002"/>
  <testcase classname="testngDemo.FirstScenario10" name="sixth_testcase" time="0.002"/>
  <testcase classname="testngDemo.FirstScenario10" name="fifth_testcase" time="0.000"/>
</testsuite> <!-- testngDemo.FirstScenario10 -->
