<?xml version="1.0" encoding="UTF-8"?>
<!-- Generated by org.testng.reporters.JUnitReportReporter -->
<testsuite hostname="DESKTOP-DJ4FDME" failures="0" tests="1" name="org.xyz.automation.project.HandleBrowserOperations" time="31.191" errors="0" timestamp="2025-06-06T08:17:09 IST" skipped="0">
  <testcase classname="org.xyz.automation.project.HandleBrowserOperations" name="launchbrowser" time="31.191"/>
</testsuite> <!-- org.xyz.automation.project.HandleBrowserOperations -->
