<?xml version="1.0" encoding="UTF-8"?>
<!-- Generated by org.testng.reporters.JUnitReportReporter -->
<testsuite hostname="DESKTOP-DJ4FDME" failures="0" tests="2" name="org.wipro.auto.saucedemo.testcases.LoginScenario" time="11.467" errors="0" timestamp="2025-06-14T08:15:13 IST" skipped="0">
  <testcase classname="org.wipro.auto.saucedemo.testcases.LoginScenario" name="tc01_validate_loginfunc_valid_credntials" time="4.956"/>
  <testcase classname="org.wipro.auto.saucedemo.testcases.LoginScenario" name="tc01_validate_loginfunc_valid_credntials_prop" time="6.511"/>
</testsuite> <!-- org.wipro.auto.saucedemo.testcases.LoginScenario -->
