<?xml version="1.0" encoding="UTF-8"?>
<!-- Generated by org.testng.reporters.JUnitReportReporter -->
<testsuite hostname="DESKTOP-DJ4FDME" failures="0" tests="6" name="testngDemo.FirstScenario4" time="0.031" errors="0" timestamp="2025-06-12T08:30:14 IST" skipped="0">
  <testcase classname="testngDemo.FirstScenario4" name="fifth_testcase" time="0.016"/>
  <testcase classname="testngDemo.FirstScenario4" name="sixth_testcase" time="0.005"/>
  <testcase classname="testngDemo.FirstScenario4" name="second_testcase" time="0.003"/>
  <testcase classname="testngDemo.FirstScenario4" name="third_testcase" time="0.001"/>
  <testcase classname="testngDemo.FirstScenario4" name="first_testcase" time="0.003"/>
  <testcase classname="testngDemo.FirstScenario4" name="forth_testcase" time="0.003"/>
</testsuite> <!-- testngDemo.FirstScenario4 -->
