<?xml version="1.0" encoding="UTF-8"?>
<!-- Generated by org.testng.reporters.JUnitReportReporter -->
<testsuite hostname="DESKTOP-DJ4FDME" failures="0" tests="6" name="testngDemo.FirstScenario2" time="0.010" errors="0" timestamp="2025-06-12T08:30:14 IST" skipped="1">
  <testcase classname="testngDemo.FirstScenario2" name="sixth_testcase" time="0.002"/>
  <testcase classname="testngDemo.FirstScenario2" name="forth_testcase" time="0.003"/>
  <testcase classname="testngDemo.FirstScenario2" name="second_testcase" time="0.002"/>
  <testcase classname="testngDemo.FirstScenario2" name="first_testcase" time="0.002"/>
  <testcase classname="testngDemo.FirstScenario2" name="fifth_testcase" time="0.001"/>
  <testcase classname="testngDemo.FirstScenario2" name="third_testcase">
    <skipped/>
  </testcase> <!-- third_testcase -->
</testsuite> <!-- testngDemo.FirstScenario2 -->
