<?xml version="1.0" encoding="UTF-8"?>
<!-- Generated by org.testng.reporters.JUnitReportReporter -->
<testsuite hostname="DESKTOP-DJ4FDME" failures="0" tests="2" name="org.xyz.automation.project.RegistrationAuthentication" time="9.362" errors="0" timestamp="2025-06-10T08:38:05 IST" skipped="0">
  <testcase classname="org.xyz.automation.project.RegistrationAuthentication" name="tc02_valid_signup_functionality" time="5.547"/>
  <testcase classname="org.xyz.automation.project.RegistrationAuthentication" name="tc01_valid_login_functionality" time="3.815"/>
</testsuite> <!-- org.xyz.automation.project.RegistrationAuthentication -->
