<?xml version="1.0" encoding="UTF-8"?>
<!-- Generated by org.testng.reporters.JUnitReportReporter -->
<testsuite hostname="DESKTOP-DJ4FDME" failures="0" tests="1" name="org.xyz.automation.project.HandleAllWebsiteControls" time="7.914" errors="0" timestamp="2025-06-10T08:46:29 IST" skipped="0">
  <testcase classname="org.xyz.automation.project.HandleAllWebsiteControls" name="launchbrowser" time="7.914"/>
</testsuite> <!-- org.xyz.automation.project.HandleAllWebsiteControls -->
