<?xml version="1.0" encoding="UTF-8"?>
<!-- Generated by org.testng.reporters.JUnitReportReporter -->
<testsuite hostname="DESKTOP-DJ4FDME" failures="0" tests="1" name="org.xyz.automation.project.FetchDataActualValues" time="3.219" errors="0" timestamp="2025-06-07T08:35:33 IST" skipped="0">
  <testcase classname="org.xyz.automation.project.FetchDataActualValues" name="launchbrowser" time="3.219"/>
</testsuite> <!-- org.xyz.automation.project.FetchDataActualValues -->
