<?xml version="1.0" encoding="UTF-8"?>
<!-- Generated by org.testng.reporters.JUnitReportReporter -->
<testsuite hostname="DESKTOP-DJ4FDME" failures="0" tests="4" name="org.xyz.automation.project.HandleKBMouse_WinAlertFrames" time="28.547" errors="0" timestamp="2025-06-12T08:30:14 IST" skipped="2">
  <testcase classname="org.xyz.automation.project.HandleKBMouse_WinAlertFrames" name="handleAlerts" time="10.717"/>
  <testcase classname="org.xyz.automation.project.HandleKBMouse_WinAlertFrames" name="handlemouse" time="17.830"/>
  <testcase classname="org.xyz.automation.project.HandleKBMouse_WinAlertFrames" name="handlekeyboard">
    <skipped/>
  </testcase> <!-- handlekeyboard -->
  <testcase classname="org.xyz.automation.project.HandleKBMouse_WinAlertFrames" name="handleFrames">
    <skipped/>
  </testcase> <!-- handleFrames -->
</testsuite> <!-- org.xyz.automation.project.HandleKBMouse_WinAlertFrames -->
